[2026-06-15T15:37:01.449+0000] {manager.py:469} INFO - Processing files using up to 2 processes at a time 
[2026-06-15T15:37:01.449+0000] {manager.py:470} INFO - Process each file at most once every 30 seconds
[2026-06-15T15:37:01.450+0000] {manager.py:471} INFO - Checking for new files in /opt/airflow/dags every 300 seconds
[2026-06-15T15:37:01.450+0000] {manager.py:738} INFO - Searching for files in /opt/airflow/dags
[2026-06-15T15:37:01.452+0000] {manager.py:741} INFO - There are 1 files in /opt/airflow/dags
[2026-06-15T15:37:01.593+0000] {manager.py:879} INFO - 
================================================================================
DAG File Processing Stats

File Path                                   PID  Runtime      # DAGs    # Errors  Last Runtime    Last Run
----------------------------------------  -----  ---------  --------  ----------  --------------  ----------
/opt/airflow/dags/crypto_pipeline_dag.py    165  0.05s             0           0
================================================================================
[2026-06-15T15:37:31.745+0000] {manager.py:879} INFO - 
================================================================================
DAG File Processing Stats

File Path                                   PID  Runtime      # DAGs    # Errors  Last Runtime    Last Run
----------------------------------------  -----  ---------  --------  ----------  --------------  -------------------
/opt/airflow/dags/crypto_pipeline_dag.py    170  0.01s             0           1  0.07s           2026-06-15T15:37:01
================================================================================
[2026-06-15T15:38:02.022+0000] {manager.py:879} INFO - 
================================================================================
DAG File Processing Stats

File Path                                   PID  Runtime      # DAGs    # Errors  Last Runtime    Last Run
----------------------------------------  -----  ---------  --------  ----------  --------------  -------------------
/opt/airflow/dags/crypto_pipeline_dag.py    175  0.02s             0           1  0.06s           2026-06-15T15:37:31
================================================================================
[2026-06-15T15:38:32.299+0000] {manager.py:879} INFO - 
================================================================================
DAG File Processing Stats

File Path                                   PID  Runtime      # DAGs    # Errors  Last Runtime    Last Run
----------------------------------------  -----  ---------  --------  ----------  --------------  -------------------
/opt/airflow/dags/crypto_pipeline_dag.py    180  0.02s             0           1  0.14s           2026-06-15T15:38:02
================================================================================
[2026-06-15T15:39:02.629+0000] {manager.py:879} INFO - 
================================================================================
DAG File Processing Stats

File Path                                   PID  Runtime      # DAGs    # Errors  Last Runtime    Last Run
----------------------------------------  -----  ---------  --------  ----------  --------------  -------------------
/opt/airflow/dags/crypto_pipeline_dag.py    185  0.02s             0           1  0.15s           2026-06-15T15:38:32
================================================================================
[2026-06-15T15:39:32.900+0000] {manager.py:879} INFO - 
================================================================================
DAG File Processing Stats

File Path                                   PID  Runtime      # DAGs    # Errors  Last Runtime    Last Run
----------------------------------------  -----  ---------  --------  ----------  --------------  -------------------
/opt/airflow/dags/crypto_pipeline_dag.py    190  0.03s             0           1  0.16s           2026-06-15T15:39:02
================================================================================
[2026-06-15T15:40:04.125+0000] {manager.py:879} INFO - 
================================================================================
DAG File Processing Stats

File Path                                 PID    Runtime      # DAGs    # Errors  Last Runtime    Last Run
----------------------------------------  -----  ---------  --------  ----------  --------------  -------------------
/opt/airflow/dags/crypto_pipeline_dag.py                           0           1  0.18s           2026-06-15T15:40:03
================================================================================
[2026-06-15T15:40:34.498+0000] {manager.py:879} INFO - 
================================================================================
DAG File Processing Stats

File Path                                 PID    Runtime      # DAGs    # Errors  Last Runtime    Last Run
----------------------------------------  -----  ---------  --------  ----------  --------------  -------------------
/opt/airflow/dags/crypto_pipeline_dag.py                           0           1  0.15s           2026-06-15T15:40:33
================================================================================
[2026-06-15T15:41:04.750+0000] {manager.py:879} INFO - 
================================================================================
DAG File Processing Stats

File Path                                 PID    Runtime      # DAGs    # Errors  Last Runtime    Last Run
----------------------------------------  -----  ---------  --------  ----------  --------------  -------------------
/opt/airflow/dags/crypto_pipeline_dag.py                           0           1  0.07s           2026-06-15T15:41:03
================================================================================
[2026-06-15T15:41:34.983+0000] {manager.py:879} INFO - 
================================================================================
DAG File Processing Stats

File Path                                 PID    Runtime      # DAGs    # Errors  Last Runtime    Last Run
----------------------------------------  -----  ---------  --------  ----------  --------------  -------------------
/opt/airflow/dags/crypto_pipeline_dag.py                           0           1  0.14s           2026-06-15T15:41:34
================================================================================
[2026-06-15T15:42:02.187+0000] {manager.py:738} INFO - Searching for files in /opt/airflow/dags
[2026-06-15T15:42:02.191+0000] {manager.py:741} INFO - There are 1 files in /opt/airflow/dags
[2026-06-15T15:42:05.299+0000] {manager.py:879} INFO - 
================================================================================
DAG File Processing Stats

File Path                                 PID    Runtime      # DAGs    # Errors  Last Runtime    Last Run
----------------------------------------  -----  ---------  --------  ----------  --------------  -------------------
/opt/airflow/dags/crypto_pipeline_dag.py                           0           1  0.16s           2026-06-15T15:42:04
================================================================================
[2026-06-15T15:42:35.612+0000] {manager.py:879} INFO - 
================================================================================
DAG File Processing Stats

File Path                                 PID    Runtime      # DAGs    # Errors  Last Runtime    Last Run
----------------------------------------  -----  ---------  --------  ----------  --------------  -------------------
/opt/airflow/dags/crypto_pipeline_dag.py                           0           1  0.15s           2026-06-15T15:42:34
================================================================================
[2026-06-15T15:43:05.903+0000] {manager.py:879} INFO - 
================================================================================
DAG File Processing Stats

File Path                                 PID    Runtime      # DAGs    # Errors  Last Runtime    Last Run
----------------------------------------  -----  ---------  --------  ----------  --------------  -------------------
/opt/airflow/dags/crypto_pipeline_dag.py                           0           1  0.21s           2026-06-15T15:43:05
================================================================================
[2026-06-15T15:43:36.103+0000] {manager.py:879} INFO - 
================================================================================
DAG File Processing Stats

File Path                                 PID    Runtime      # DAGs    # Errors  Last Runtime    Last Run
----------------------------------------  -----  ---------  --------  ----------  --------------  -------------------
/opt/airflow/dags/crypto_pipeline_dag.py                           0           1  0.08s           2026-06-15T15:43:35
================================================================================
[2026-06-15T15:44:06.376+0000] {manager.py:879} INFO - 
================================================================================
DAG File Processing Stats

File Path                                 PID    Runtime      # DAGs    # Errors  Last Runtime    Last Run
----------------------------------------  -----  ---------  --------  ----------  --------------  -------------------
/opt/airflow/dags/crypto_pipeline_dag.py                           0           1  0.08s           2026-06-15T15:44:05
================================================================================
[2026-06-15T15:44:36.617+0000] {manager.py:879} INFO - 
================================================================================
DAG File Processing Stats

File Path                                 PID    Runtime      # DAGs    # Errors  Last Runtime    Last Run
----------------------------------------  -----  ---------  --------  ----------  --------------  -------------------
/opt/airflow/dags/crypto_pipeline_dag.py                           0           1  0.19s           2026-06-15T15:44:35
================================================================================
[2026-06-15T15:45:06.854+0000] {manager.py:879} INFO - 
================================================================================
DAG File Processing Stats

File Path                                 PID    Runtime      # DAGs    # Errors  Last Runtime    Last Run
----------------------------------------  -----  ---------  --------  ----------  --------------  -------------------
/opt/airflow/dags/crypto_pipeline_dag.py                           0           1  0.15s           2026-06-15T15:45:05
================================================================================
[2026-06-15T15:45:37.183+0000] {manager.py:879} INFO - 
================================================================================
DAG File Processing Stats

File Path                                 PID    Runtime      # DAGs    # Errors  Last Runtime    Last Run
----------------------------------------  -----  ---------  --------  ----------  --------------  -------------------
/opt/airflow/dags/crypto_pipeline_dag.py                           0           1  0.15s           2026-06-15T15:45:36
================================================================================
