[2026-06-15T15:37:01.555+0000] {processor.py:161} INFO - Started process (PID=165) to work on /opt/airflow/dags/crypto_pipeline_dag.py
[2026-06-15T15:37:01.556+0000] {processor.py:830} INFO - Processing file /opt/airflow/dags/crypto_pipeline_dag.py for tasks to queue
[2026-06-15T15:37:01.557+0000] {logging_mixin.py:188} INFO - [2026-06-15T15:37:01.556+0000] {dagbag.py:538} INFO - Filling up the DagBag from /opt/airflow/dags/crypto_pipeline_dag.py
[2026-06-15T15:37:01.562+0000] {logging_mixin.py:188} INFO - [2026-06-15T15:37:01.560+0000] {dagbag.py:348} ERROR - Failed to import: /opt/airflow/dags/crypto_pipeline_dag.py
Traceback (most recent call last):
  File "/home/airflow/.local/lib/python3.11/site-packages/airflow/models/dagbag.py", line 344, in parse
    loader.exec_module(new_module)
  File "<frozen importlib._bootstrap_external>", line 940, in exec_module
  File "<frozen importlib._bootstrap>", line 241, in _call_with_frames_removed
  File "/opt/airflow/dags/crypto_pipeline_dag.py", line 11, in <module>
    from src.ingestion.ingest_bronze import extract_and_save_bronze
ModuleNotFoundError: No module named 'src'
[2026-06-15T15:37:01.563+0000] {processor.py:842} WARNING - No viable dags retrieved from /opt/airflow/dags/crypto_pipeline_dag.py
[2026-06-15T15:37:01.594+0000] {processor.py:183} INFO - Processing /opt/airflow/dags/crypto_pipeline_dag.py took 0.044 seconds
[2026-06-15T15:37:31.753+0000] {processor.py:161} INFO - Started process (PID=170) to work on /opt/airflow/dags/crypto_pipeline_dag.py
[2026-06-15T15:37:31.754+0000] {processor.py:830} INFO - Processing file /opt/airflow/dags/crypto_pipeline_dag.py for tasks to queue
[2026-06-15T15:37:31.755+0000] {logging_mixin.py:188} INFO - [2026-06-15T15:37:31.755+0000] {dagbag.py:538} INFO - Filling up the DagBag from /opt/airflow/dags/crypto_pipeline_dag.py
[2026-06-15T15:37:31.760+0000] {logging_mixin.py:188} INFO - [2026-06-15T15:37:31.758+0000] {dagbag.py:348} ERROR - Failed to import: /opt/airflow/dags/crypto_pipeline_dag.py
Traceback (most recent call last):
  File "/home/airflow/.local/lib/python3.11/site-packages/airflow/models/dagbag.py", line 344, in parse
    loader.exec_module(new_module)
  File "<frozen importlib._bootstrap_external>", line 940, in exec_module
  File "<frozen importlib._bootstrap>", line 241, in _call_with_frames_removed
  File "/opt/airflow/dags/crypto_pipeline_dag.py", line 11, in <module>
    from src.ingestion.ingest_bronze import extract_and_save_bronze
ModuleNotFoundError: No module named 'src'
[2026-06-15T15:37:31.760+0000] {processor.py:842} WARNING - No viable dags retrieved from /opt/airflow/dags/crypto_pipeline_dag.py
[2026-06-15T15:37:31.787+0000] {processor.py:183} INFO - Processing /opt/airflow/dags/crypto_pipeline_dag.py took 0.038 seconds
[2026-06-15T15:38:02.043+0000] {processor.py:161} INFO - Started process (PID=175) to work on /opt/airflow/dags/crypto_pipeline_dag.py
[2026-06-15T15:38:02.045+0000] {processor.py:830} INFO - Processing file /opt/airflow/dags/crypto_pipeline_dag.py for tasks to queue
[2026-06-15T15:38:02.048+0000] {logging_mixin.py:188} INFO - [2026-06-15T15:38:02.047+0000] {dagbag.py:538} INFO - Filling up the DagBag from /opt/airflow/dags/crypto_pipeline_dag.py
[2026-06-15T15:38:02.060+0000] {logging_mixin.py:188} INFO - [2026-06-15T15:38:02.056+0000] {dagbag.py:348} ERROR - Failed to import: /opt/airflow/dags/crypto_pipeline_dag.py
Traceback (most recent call last):
  File "/home/airflow/.local/lib/python3.11/site-packages/airflow/models/dagbag.py", line 344, in parse
    loader.exec_module(new_module)
  File "<frozen importlib._bootstrap_external>", line 940, in exec_module
  File "<frozen importlib._bootstrap>", line 241, in _call_with_frames_removed
  File "/opt/airflow/dags/crypto_pipeline_dag.py", line 11, in <module>
    from src.ingestion.ingest_bronze import extract_and_save_bronze
ModuleNotFoundError: No module named 'src'
[2026-06-15T15:38:02.062+0000] {processor.py:842} WARNING - No viable dags retrieved from /opt/airflow/dags/crypto_pipeline_dag.py
[2026-06-15T15:38:02.119+0000] {processor.py:183} INFO - Processing /opt/airflow/dags/crypto_pipeline_dag.py took 0.085 seconds
[2026-06-15T15:38:32.320+0000] {processor.py:161} INFO - Started process (PID=180) to work on /opt/airflow/dags/crypto_pipeline_dag.py
[2026-06-15T15:38:32.322+0000] {processor.py:830} INFO - Processing file /opt/airflow/dags/crypto_pipeline_dag.py for tasks to queue
[2026-06-15T15:38:32.325+0000] {logging_mixin.py:188} INFO - [2026-06-15T15:38:32.323+0000] {dagbag.py:538} INFO - Filling up the DagBag from /opt/airflow/dags/crypto_pipeline_dag.py
[2026-06-15T15:38:32.337+0000] {logging_mixin.py:188} INFO - [2026-06-15T15:38:32.333+0000] {dagbag.py:348} ERROR - Failed to import: /opt/airflow/dags/crypto_pipeline_dag.py
Traceback (most recent call last):
  File "/home/airflow/.local/lib/python3.11/site-packages/airflow/models/dagbag.py", line 344, in parse
    loader.exec_module(new_module)
  File "<frozen importlib._bootstrap_external>", line 940, in exec_module
  File "<frozen importlib._bootstrap>", line 241, in _call_with_frames_removed
  File "/opt/airflow/dags/crypto_pipeline_dag.py", line 11, in <module>
    from src.ingestion.ingest_bronze import extract_and_save_bronze
ModuleNotFoundError: No module named 'src'
[2026-06-15T15:38:32.339+0000] {processor.py:842} WARNING - No viable dags retrieved from /opt/airflow/dags/crypto_pipeline_dag.py
[2026-06-15T15:38:32.399+0000] {processor.py:183} INFO - Processing /opt/airflow/dags/crypto_pipeline_dag.py took 0.090 seconds
[2026-06-15T15:39:02.649+0000] {processor.py:161} INFO - Started process (PID=185) to work on /opt/airflow/dags/crypto_pipeline_dag.py
[2026-06-15T15:39:02.651+0000] {processor.py:830} INFO - Processing file /opt/airflow/dags/crypto_pipeline_dag.py for tasks to queue
[2026-06-15T15:39:02.654+0000] {logging_mixin.py:188} INFO - [2026-06-15T15:39:02.653+0000] {dagbag.py:538} INFO - Filling up the DagBag from /opt/airflow/dags/crypto_pipeline_dag.py
[2026-06-15T15:39:02.667+0000] {logging_mixin.py:188} INFO - [2026-06-15T15:39:02.663+0000] {dagbag.py:348} ERROR - Failed to import: /opt/airflow/dags/crypto_pipeline_dag.py
Traceback (most recent call last):
  File "/home/airflow/.local/lib/python3.11/site-packages/airflow/models/dagbag.py", line 344, in parse
    loader.exec_module(new_module)
  File "<frozen importlib._bootstrap_external>", line 940, in exec_module
  File "<frozen importlib._bootstrap>", line 241, in _call_with_frames_removed
  File "/opt/airflow/dags/crypto_pipeline_dag.py", line 11, in <module>
    from src.ingestion.ingest_bronze import extract_and_save_bronze
ModuleNotFoundError: No module named 'src'
[2026-06-15T15:39:02.669+0000] {processor.py:842} WARNING - No viable dags retrieved from /opt/airflow/dags/crypto_pipeline_dag.py
[2026-06-15T15:39:02.742+0000] {processor.py:183} INFO - Processing /opt/airflow/dags/crypto_pipeline_dag.py took 0.101 seconds
[2026-06-15T15:39:32.919+0000] {processor.py:161} INFO - Started process (PID=190) to work on /opt/airflow/dags/crypto_pipeline_dag.py
[2026-06-15T15:39:32.922+0000] {processor.py:830} INFO - Processing file /opt/airflow/dags/crypto_pipeline_dag.py for tasks to queue
[2026-06-15T15:39:32.926+0000] {logging_mixin.py:188} INFO - [2026-06-15T15:39:32.924+0000] {dagbag.py:538} INFO - Filling up the DagBag from /opt/airflow/dags/crypto_pipeline_dag.py
[2026-06-15T15:39:32.941+0000] {logging_mixin.py:188} INFO - [2026-06-15T15:39:32.936+0000] {dagbag.py:348} ERROR - Failed to import: /opt/airflow/dags/crypto_pipeline_dag.py
Traceback (most recent call last):
  File "/home/airflow/.local/lib/python3.11/site-packages/airflow/models/dagbag.py", line 344, in parse
    loader.exec_module(new_module)
  File "<frozen importlib._bootstrap_external>", line 940, in exec_module
  File "<frozen importlib._bootstrap>", line 241, in _call_with_frames_removed
  File "/opt/airflow/dags/crypto_pipeline_dag.py", line 11, in <module>
    from src.ingestion.ingest_bronze import extract_and_save_bronze
ModuleNotFoundError: No module named 'src'
[2026-06-15T15:39:32.944+0000] {processor.py:842} WARNING - No viable dags retrieved from /opt/airflow/dags/crypto_pipeline_dag.py
[2026-06-15T15:39:32.997+0000] {processor.py:183} INFO - Processing /opt/airflow/dags/crypto_pipeline_dag.py took 0.088 seconds
[2026-06-15T15:40:03.123+0000] {processor.py:161} INFO - Started process (PID=195) to work on /opt/airflow/dags/crypto_pipeline_dag.py
[2026-06-15T15:40:03.126+0000] {processor.py:830} INFO - Processing file /opt/airflow/dags/crypto_pipeline_dag.py for tasks to queue
[2026-06-15T15:40:03.128+0000] {logging_mixin.py:188} INFO - [2026-06-15T15:40:03.127+0000] {dagbag.py:538} INFO - Filling up the DagBag from /opt/airflow/dags/crypto_pipeline_dag.py
[2026-06-15T15:40:03.141+0000] {logging_mixin.py:188} INFO - [2026-06-15T15:40:03.137+0000] {dagbag.py:348} ERROR - Failed to import: /opt/airflow/dags/crypto_pipeline_dag.py
Traceback (most recent call last):
  File "/home/airflow/.local/lib/python3.11/site-packages/airflow/models/dagbag.py", line 344, in parse
    loader.exec_module(new_module)
  File "<frozen importlib._bootstrap_external>", line 940, in exec_module
  File "<frozen importlib._bootstrap>", line 241, in _call_with_frames_removed
  File "/opt/airflow/dags/crypto_pipeline_dag.py", line 11, in <module>
    from src.ingestion.ingest_bronze import extract_and_save_bronze
ModuleNotFoundError: No module named 'src'
[2026-06-15T15:40:03.143+0000] {processor.py:842} WARNING - No viable dags retrieved from /opt/airflow/dags/crypto_pipeline_dag.py
[2026-06-15T15:40:03.232+0000] {processor.py:183} INFO - Processing /opt/airflow/dags/crypto_pipeline_dag.py took 0.118 seconds
[2026-06-15T15:40:33.414+0000] {processor.py:161} INFO - Started process (PID=200) to work on /opt/airflow/dags/crypto_pipeline_dag.py
[2026-06-15T15:40:33.417+0000] {processor.py:830} INFO - Processing file /opt/airflow/dags/crypto_pipeline_dag.py for tasks to queue
[2026-06-15T15:40:33.420+0000] {logging_mixin.py:188} INFO - [2026-06-15T15:40:33.419+0000] {dagbag.py:538} INFO - Filling up the DagBag from /opt/airflow/dags/crypto_pipeline_dag.py
[2026-06-15T15:40:33.434+0000] {logging_mixin.py:188} INFO - [2026-06-15T15:40:33.429+0000] {dagbag.py:348} ERROR - Failed to import: /opt/airflow/dags/crypto_pipeline_dag.py
Traceback (most recent call last):
  File "/home/airflow/.local/lib/python3.11/site-packages/airflow/models/dagbag.py", line 344, in parse
    loader.exec_module(new_module)
  File "<frozen importlib._bootstrap_external>", line 940, in exec_module
  File "<frozen importlib._bootstrap>", line 241, in _call_with_frames_removed
  File "/opt/airflow/dags/crypto_pipeline_dag.py", line 11, in <module>
    from src.ingestion.ingest_bronze import extract_and_save_bronze
ModuleNotFoundError: No module named 'src'
[2026-06-15T15:40:33.437+0000] {processor.py:842} WARNING - No viable dags retrieved from /opt/airflow/dags/crypto_pipeline_dag.py
[2026-06-15T15:40:33.497+0000] {processor.py:183} INFO - Processing /opt/airflow/dags/crypto_pipeline_dag.py took 0.095 seconds
[2026-06-15T15:41:03.738+0000] {processor.py:161} INFO - Started process (PID=205) to work on /opt/airflow/dags/crypto_pipeline_dag.py
[2026-06-15T15:41:03.739+0000] {processor.py:830} INFO - Processing file /opt/airflow/dags/crypto_pipeline_dag.py for tasks to queue
[2026-06-15T15:41:03.740+0000] {logging_mixin.py:188} INFO - [2026-06-15T15:41:03.740+0000] {dagbag.py:538} INFO - Filling up the DagBag from /opt/airflow/dags/crypto_pipeline_dag.py
[2026-06-15T15:41:03.746+0000] {logging_mixin.py:188} INFO - [2026-06-15T15:41:03.744+0000] {dagbag.py:348} ERROR - Failed to import: /opt/airflow/dags/crypto_pipeline_dag.py
Traceback (most recent call last):
  File "/home/airflow/.local/lib/python3.11/site-packages/airflow/models/dagbag.py", line 344, in parse
    loader.exec_module(new_module)
  File "<frozen importlib._bootstrap_external>", line 940, in exec_module
  File "<frozen importlib._bootstrap>", line 241, in _call_with_frames_removed
  File "/opt/airflow/dags/crypto_pipeline_dag.py", line 11, in <module>
    from src.ingestion.ingest_bronze import extract_and_save_bronze
ModuleNotFoundError: No module named 'src'
[2026-06-15T15:41:03.747+0000] {processor.py:842} WARNING - No viable dags retrieved from /opt/airflow/dags/crypto_pipeline_dag.py
[2026-06-15T15:41:03.777+0000] {processor.py:183} INFO - Processing /opt/airflow/dags/crypto_pipeline_dag.py took 0.044 seconds
[2026-06-15T15:41:33.982+0000] {processor.py:161} INFO - Started process (PID=210) to work on /opt/airflow/dags/crypto_pipeline_dag.py
[2026-06-15T15:41:33.985+0000] {processor.py:830} INFO - Processing file /opt/airflow/dags/crypto_pipeline_dag.py for tasks to queue
[2026-06-15T15:41:33.987+0000] {logging_mixin.py:188} INFO - [2026-06-15T15:41:33.986+0000] {dagbag.py:538} INFO - Filling up the DagBag from /opt/airflow/dags/crypto_pipeline_dag.py
[2026-06-15T15:41:33.999+0000] {logging_mixin.py:188} INFO - [2026-06-15T15:41:33.996+0000] {dagbag.py:348} ERROR - Failed to import: /opt/airflow/dags/crypto_pipeline_dag.py
Traceback (most recent call last):
  File "/home/airflow/.local/lib/python3.11/site-packages/airflow/models/dagbag.py", line 344, in parse
    loader.exec_module(new_module)
  File "<frozen importlib._bootstrap_external>", line 940, in exec_module
  File "<frozen importlib._bootstrap>", line 241, in _call_with_frames_removed
  File "/opt/airflow/dags/crypto_pipeline_dag.py", line 11, in <module>
    from src.ingestion.ingest_bronze import extract_and_save_bronze
ModuleNotFoundError: No module named 'src'
[2026-06-15T15:41:34.001+0000] {processor.py:842} WARNING - No viable dags retrieved from /opt/airflow/dags/crypto_pipeline_dag.py
[2026-06-15T15:41:34.055+0000] {processor.py:183} INFO - Processing /opt/airflow/dags/crypto_pipeline_dag.py took 0.080 seconds
[2026-06-15T15:42:04.286+0000] {processor.py:161} INFO - Started process (PID=215) to work on /opt/airflow/dags/crypto_pipeline_dag.py
[2026-06-15T15:42:04.289+0000] {processor.py:830} INFO - Processing file /opt/airflow/dags/crypto_pipeline_dag.py for tasks to queue
[2026-06-15T15:42:04.292+0000] {logging_mixin.py:188} INFO - [2026-06-15T15:42:04.291+0000] {dagbag.py:538} INFO - Filling up the DagBag from /opt/airflow/dags/crypto_pipeline_dag.py
[2026-06-15T15:42:04.304+0000] {logging_mixin.py:188} INFO - [2026-06-15T15:42:04.300+0000] {dagbag.py:348} ERROR - Failed to import: /opt/airflow/dags/crypto_pipeline_dag.py
Traceback (most recent call last):
  File "/home/airflow/.local/lib/python3.11/site-packages/airflow/models/dagbag.py", line 344, in parse
    loader.exec_module(new_module)
  File "<frozen importlib._bootstrap_external>", line 940, in exec_module
  File "<frozen importlib._bootstrap>", line 241, in _call_with_frames_removed
  File "/opt/airflow/dags/crypto_pipeline_dag.py", line 11, in <module>
    from src.ingestion.ingest_bronze import extract_and_save_bronze
ModuleNotFoundError: No module named 'src'
[2026-06-15T15:42:04.307+0000] {processor.py:842} WARNING - No viable dags retrieved from /opt/airflow/dags/crypto_pipeline_dag.py
[2026-06-15T15:42:04.375+0000] {processor.py:183} INFO - Processing /opt/airflow/dags/crypto_pipeline_dag.py took 0.100 seconds
[2026-06-15T15:42:34.549+0000] {processor.py:161} INFO - Started process (PID=220) to work on /opt/airflow/dags/crypto_pipeline_dag.py
[2026-06-15T15:42:34.552+0000] {processor.py:830} INFO - Processing file /opt/airflow/dags/crypto_pipeline_dag.py for tasks to queue
[2026-06-15T15:42:34.554+0000] {logging_mixin.py:188} INFO - [2026-06-15T15:42:34.553+0000] {dagbag.py:538} INFO - Filling up the DagBag from /opt/airflow/dags/crypto_pipeline_dag.py
[2026-06-15T15:42:34.566+0000] {logging_mixin.py:188} INFO - [2026-06-15T15:42:34.562+0000] {dagbag.py:348} ERROR - Failed to import: /opt/airflow/dags/crypto_pipeline_dag.py
Traceback (most recent call last):
  File "/home/airflow/.local/lib/python3.11/site-packages/airflow/models/dagbag.py", line 344, in parse
    loader.exec_module(new_module)
  File "<frozen importlib._bootstrap_external>", line 940, in exec_module
  File "<frozen importlib._bootstrap>", line 241, in _call_with_frames_removed
  File "/opt/airflow/dags/crypto_pipeline_dag.py", line 11, in <module>
    from src.ingestion.ingest_bronze import extract_and_save_bronze
ModuleNotFoundError: No module named 'src'
[2026-06-15T15:42:34.568+0000] {processor.py:842} WARNING - No viable dags retrieved from /opt/airflow/dags/crypto_pipeline_dag.py
[2026-06-15T15:42:34.628+0000] {processor.py:183} INFO - Processing /opt/airflow/dags/crypto_pipeline_dag.py took 0.088 seconds
[2026-06-15T15:43:04.884+0000] {processor.py:161} INFO - Started process (PID=225) to work on /opt/airflow/dags/crypto_pipeline_dag.py
[2026-06-15T15:43:04.888+0000] {processor.py:830} INFO - Processing file /opt/airflow/dags/crypto_pipeline_dag.py for tasks to queue
[2026-06-15T15:43:04.893+0000] {logging_mixin.py:188} INFO - [2026-06-15T15:43:04.891+0000] {dagbag.py:538} INFO - Filling up the DagBag from /opt/airflow/dags/crypto_pipeline_dag.py
[2026-06-15T15:43:04.911+0000] {logging_mixin.py:188} INFO - [2026-06-15T15:43:04.906+0000] {dagbag.py:348} ERROR - Failed to import: /opt/airflow/dags/crypto_pipeline_dag.py
Traceback (most recent call last):
  File "/home/airflow/.local/lib/python3.11/site-packages/airflow/models/dagbag.py", line 344, in parse
    loader.exec_module(new_module)
  File "<frozen importlib._bootstrap_external>", line 940, in exec_module
  File "<frozen importlib._bootstrap>", line 241, in _call_with_frames_removed
  File "/opt/airflow/dags/crypto_pipeline_dag.py", line 11, in <module>
    from src.ingestion.ingest_bronze import extract_and_save_bronze
ModuleNotFoundError: No module named 'src'
[2026-06-15T15:43:04.913+0000] {processor.py:842} WARNING - No viable dags retrieved from /opt/airflow/dags/crypto_pipeline_dag.py
[2026-06-15T15:43:05.009+0000] {processor.py:183} INFO - Processing /opt/airflow/dags/crypto_pipeline_dag.py took 0.137 seconds
[2026-06-15T15:43:35.108+0000] {processor.py:161} INFO - Started process (PID=230) to work on /opt/airflow/dags/crypto_pipeline_dag.py
[2026-06-15T15:43:35.110+0000] {processor.py:830} INFO - Processing file /opt/airflow/dags/crypto_pipeline_dag.py for tasks to queue
[2026-06-15T15:43:35.111+0000] {logging_mixin.py:188} INFO - [2026-06-15T15:43:35.110+0000] {dagbag.py:538} INFO - Filling up the DagBag from /opt/airflow/dags/crypto_pipeline_dag.py
[2026-06-15T15:43:35.116+0000] {logging_mixin.py:188} INFO - [2026-06-15T15:43:35.115+0000] {dagbag.py:348} ERROR - Failed to import: /opt/airflow/dags/crypto_pipeline_dag.py
Traceback (most recent call last):
  File "/home/airflow/.local/lib/python3.11/site-packages/airflow/models/dagbag.py", line 344, in parse
    loader.exec_module(new_module)
  File "<frozen importlib._bootstrap_external>", line 940, in exec_module
  File "<frozen importlib._bootstrap>", line 241, in _call_with_frames_removed
  File "/opt/airflow/dags/crypto_pipeline_dag.py", line 11, in <module>
    from src.ingestion.ingest_bronze import extract_and_save_bronze
ModuleNotFoundError: No module named 'src'
[2026-06-15T15:43:35.117+0000] {processor.py:842} WARNING - No viable dags retrieved from /opt/airflow/dags/crypto_pipeline_dag.py
[2026-06-15T15:43:35.152+0000] {processor.py:183} INFO - Processing /opt/airflow/dags/crypto_pipeline_dag.py took 0.050 seconds
[2026-06-15T15:44:05.325+0000] {processor.py:161} INFO - Started process (PID=235) to work on /opt/airflow/dags/crypto_pipeline_dag.py
[2026-06-15T15:44:05.327+0000] {processor.py:830} INFO - Processing file /opt/airflow/dags/crypto_pipeline_dag.py for tasks to queue
[2026-06-15T15:44:05.328+0000] {logging_mixin.py:188} INFO - [2026-06-15T15:44:05.328+0000] {dagbag.py:538} INFO - Filling up the DagBag from /opt/airflow/dags/crypto_pipeline_dag.py
[2026-06-15T15:44:05.336+0000] {logging_mixin.py:188} INFO - [2026-06-15T15:44:05.333+0000] {dagbag.py:348} ERROR - Failed to import: /opt/airflow/dags/crypto_pipeline_dag.py
Traceback (most recent call last):
  File "/home/airflow/.local/lib/python3.11/site-packages/airflow/models/dagbag.py", line 344, in parse
    loader.exec_module(new_module)
  File "<frozen importlib._bootstrap_external>", line 940, in exec_module
  File "<frozen importlib._bootstrap>", line 241, in _call_with_frames_removed
  File "/opt/airflow/dags/crypto_pipeline_dag.py", line 11, in <module>
    from src.ingestion.ingest_bronze import extract_and_save_bronze
ModuleNotFoundError: No module named 'src'
[2026-06-15T15:44:05.337+0000] {processor.py:842} WARNING - No viable dags retrieved from /opt/airflow/dags/crypto_pipeline_dag.py
[2026-06-15T15:44:05.369+0000] {processor.py:183} INFO - Processing /opt/airflow/dags/crypto_pipeline_dag.py took 0.051 seconds
[2026-06-15T15:44:35.617+0000] {processor.py:161} INFO - Started process (PID=240) to work on /opt/airflow/dags/crypto_pipeline_dag.py
[2026-06-15T15:44:35.620+0000] {processor.py:830} INFO - Processing file /opt/airflow/dags/crypto_pipeline_dag.py for tasks to queue
[2026-06-15T15:44:35.622+0000] {logging_mixin.py:188} INFO - [2026-06-15T15:44:35.621+0000] {dagbag.py:538} INFO - Filling up the DagBag from /opt/airflow/dags/crypto_pipeline_dag.py
[2026-06-15T15:44:35.636+0000] {logging_mixin.py:188} INFO - [2026-06-15T15:44:35.632+0000] {dagbag.py:348} ERROR - Failed to import: /opt/airflow/dags/crypto_pipeline_dag.py
Traceback (most recent call last):
  File "/home/airflow/.local/lib/python3.11/site-packages/airflow/models/dagbag.py", line 344, in parse
    loader.exec_module(new_module)
  File "<frozen importlib._bootstrap_external>", line 940, in exec_module
  File "<frozen importlib._bootstrap>", line 241, in _call_with_frames_removed
  File "/opt/airflow/dags/crypto_pipeline_dag.py", line 11, in <module>
    from src.ingestion.ingest_bronze import extract_and_save_bronze
ModuleNotFoundError: No module named 'src'
[2026-06-15T15:44:35.639+0000] {processor.py:842} WARNING - No viable dags retrieved from /opt/airflow/dags/crypto_pipeline_dag.py
[2026-06-15T15:44:35.733+0000] {processor.py:183} INFO - Processing /opt/airflow/dags/crypto_pipeline_dag.py took 0.126 seconds
[2026-06-15T15:45:05.866+0000] {processor.py:161} INFO - Started process (PID=245) to work on /opt/airflow/dags/crypto_pipeline_dag.py
[2026-06-15T15:45:05.869+0000] {processor.py:830} INFO - Processing file /opt/airflow/dags/crypto_pipeline_dag.py for tasks to queue
[2026-06-15T15:45:05.871+0000] {logging_mixin.py:188} INFO - [2026-06-15T15:45:05.870+0000] {dagbag.py:538} INFO - Filling up the DagBag from /opt/airflow/dags/crypto_pipeline_dag.py
[2026-06-15T15:45:05.882+0000] {logging_mixin.py:188} INFO - [2026-06-15T15:45:05.878+0000] {dagbag.py:348} ERROR - Failed to import: /opt/airflow/dags/crypto_pipeline_dag.py
Traceback (most recent call last):
  File "/home/airflow/.local/lib/python3.11/site-packages/airflow/models/dagbag.py", line 344, in parse
    loader.exec_module(new_module)
  File "<frozen importlib._bootstrap_external>", line 940, in exec_module
  File "<frozen importlib._bootstrap>", line 241, in _call_with_frames_removed
  File "/opt/airflow/dags/crypto_pipeline_dag.py", line 11, in <module>
    from src.ingestion.ingest_bronze import extract_and_save_bronze
ModuleNotFoundError: No module named 'src'
[2026-06-15T15:45:05.883+0000] {processor.py:842} WARNING - No viable dags retrieved from /opt/airflow/dags/crypto_pipeline_dag.py
[2026-06-15T15:45:05.946+0000] {processor.py:183} INFO - Processing /opt/airflow/dags/crypto_pipeline_dag.py took 0.088 seconds
[2026-06-15T15:45:36.100+0000] {processor.py:161} INFO - Started process (PID=250) to work on /opt/airflow/dags/crypto_pipeline_dag.py
[2026-06-15T15:45:36.102+0000] {processor.py:830} INFO - Processing file /opt/airflow/dags/crypto_pipeline_dag.py for tasks to queue
[2026-06-15T15:45:36.105+0000] {logging_mixin.py:188} INFO - [2026-06-15T15:45:36.104+0000] {dagbag.py:538} INFO - Filling up the DagBag from /opt/airflow/dags/crypto_pipeline_dag.py
[2026-06-15T15:45:36.116+0000] {logging_mixin.py:188} INFO - [2026-06-15T15:45:36.112+0000] {dagbag.py:348} ERROR - Failed to import: /opt/airflow/dags/crypto_pipeline_dag.py
Traceback (most recent call last):
  File "/home/airflow/.local/lib/python3.11/site-packages/airflow/models/dagbag.py", line 344, in parse
    loader.exec_module(new_module)
  File "<frozen importlib._bootstrap_external>", line 940, in exec_module
  File "<frozen importlib._bootstrap>", line 241, in _call_with_frames_removed
  File "/opt/airflow/dags/crypto_pipeline_dag.py", line 11, in <module>
    from src.ingestion.ingest_bronze import extract_and_save_bronze
ModuleNotFoundError: No module named 'src'
[2026-06-15T15:45:36.117+0000] {processor.py:842} WARNING - No viable dags retrieved from /opt/airflow/dags/crypto_pipeline_dag.py
[2026-06-15T15:45:36.184+0000] {processor.py:183} INFO - Processing /opt/airflow/dags/crypto_pipeline_dag.py took 0.093 seconds
